[debug] [2020-04-18T19:41:50.898Z] ----------------------------------------------------------------------
[debug] [2020-04-18T19:41:50.900Z] Command:       C:\Program Files\nodejs\node.exe C:\Users\Dell\AppData\Roaming\npm\node_modules\firebase-tools\lib\bin\firebase.js deploy -m moved all pages inside box test
[debug] [2020-04-18T19:41:50.900Z] CLI Version:   8.0.1
[debug] [2020-04-18T19:41:50.900Z] Platform:      win32
[debug] [2020-04-18T19:41:50.900Z] Node Version:  v12.16.1
[debug] [2020-04-18T19:41:50.902Z] Time:          Sun Apr 19 2020 01:11:50 GMT+0530 (India Standard Time)
[debug] [2020-04-18T19:41:50.902Z] ----------------------------------------------------------------------
[debug] [2020-04-18T19:41:50.902Z] 
[debug] [2020-04-18T19:41:50.910Z] > command requires scopes: ["email","openid","https://www.googleapis.com/auth/cloudplatformprojects.readonly","https://www.googleapis.com/auth/firebase","https://www.googleapis.com/auth/cloud-platform"]
[debug] [2020-04-18T19:41:50.911Z] > authorizing via signed-in user
[debug] [2020-04-18T19:41:50.911Z] [iam] checking project venumedicaldb for permissions ["firebase.projects.get","firebasedatabase.instances.update","firebasehosting.sites.update"]
[debug] [2020-04-18T19:41:50.914Z] > refreshing access token with scopes: ["email","https://www.googleapis.com/auth/cloud-platform","https://www.googleapis.com/auth/cloudplatformprojects.readonly","https://www.googleapis.com/auth/firebase","openid"]
[debug] [2020-04-18T19:41:50.914Z] >>> HTTP REQUEST POST https://www.googleapis.com/oauth2/v3/token  
 <request body omitted>
[debug] [2020-04-18T19:41:51.279Z] <<< HTTP RESPONSE 200 {"content-type":"application/json; charset=utf-8","vary":"X-Origin, Referer, Origin,Accept-Encoding","date":"Sat, 18 Apr 2020 19:41:52 GMT","server":"scaffolding on HTTPServer2","cache-control":"private","x-xss-protection":"0","x-frame-options":"SAMEORIGIN","x-content-type-options":"nosniff","alt-svc":"quic=\":443\"; ma=2592000; v=\"46,43\",h3-Q050=\":443\"; ma=2592000,h3-Q049=\":443\"; ma=2592000,h3-Q048=\":443\"; ma=2592000,h3-Q046=\":443\"; ma=2592000,h3-Q043=\":443\"; ma=2592000,h3-T050=\":443\"; ma=2592000","accept-ranges":"none","transfer-encoding":"chunked"}
[debug] [2020-04-18T19:41:52.036Z] >>> HTTP REQUEST POST https://cloudresourcemanager.googleapis.com/v1/projects/venumedicaldb:testIamPermissions  
 {"permissions":["firebase.projects.get","firebasedatabase.instances.update","firebasehosting.sites.update"]}
[debug] [2020-04-18T19:41:53.957Z] <<< HTTP RESPONSE 200 {"content-type":"application/json; charset=UTF-8","vary":"X-Origin, Referer, Origin,Accept-Encoding","date":"Sat, 18 Apr 2020 19:41:54 GMT","server":"ESF","cache-control":"private","x-xss-protection":"0","x-frame-options":"SAMEORIGIN","x-content-type-options":"nosniff","server-timing":"gfet4t7; dur=1370","alt-svc":"quic=\":443\"; ma=2592000; v=\"46,43\",h3-Q050=\":443\"; ma=2592000,h3-Q049=\":443\"; ma=2592000,h3-Q048=\":443\"; ma=2592000,h3-Q046=\":443\"; ma=2592000,h3-Q043=\":443\"; ma=2592000,h3-T050=\":443\"; ma=2592000","accept-ranges":"none","transfer-encoding":"chunked"}
[debug] [2020-04-18T19:41:53.959Z] >>> HTTP REQUEST GET https://firebase.googleapis.com/v1beta1/projects/venumedicaldb  
 
[debug] [2020-04-18T19:41:54.595Z] <<< HTTP RESPONSE 200 {"content-type":"application/json; charset=UTF-8","vary":"X-Origin, Referer, Origin,Accept-Encoding","date":"Sat, 18 Apr 2020 19:41:55 GMT","server":"ESF","cache-control":"private","x-xss-protection":"0","x-frame-options":"SAMEORIGIN","x-content-type-options":"nosniff","alt-svc":"quic=\":443\"; ma=2592000; v=\"46,43\",h3-Q050=\":443\"; ma=2592000,h3-Q049=\":443\"; ma=2592000,h3-Q048=\":443\"; ma=2592000,h3-Q046=\":443\"; ma=2592000,h3-Q043=\":443\"; ma=2592000,h3-T050=\":443\"; ma=2592000","accept-ranges":"none","transfer-encoding":"chunked"}
[info] 
[info] === Deploying to 'venumedicaldb'...
[info] 
[info] i  deploying database, hosting
[info] i  database: checking rules syntax...
[debug] [2020-04-18T19:41:54.602Z] >>> HTTP REQUEST PUT https://venumedicaldb.firebaseio.com/.settings/rules.json?dryRun=true  
 {
  "rules": {
    ".read": true,
    ".write": true
  }
}
[debug] [2020-04-18T19:41:56.835Z] <<< HTTP RESPONSE 200 {"server":"nginx","date":"Sat, 18 Apr 2020 19:41:57 GMT","content-type":"application/json; charset=utf-8","content-length":"15","connection":"keep-alive","access-control-allow-origin":"*","cache-control":"no-cache","strict-transport-security":"max-age=31556926; includeSubDomains; preload"}
[info] +  database: rules syntax for database venumedicaldb is valid
[debug] [2020-04-18T19:41:56.839Z] >>> HTTP REQUEST POST https://firebasehosting.googleapis.com/v1beta1/sites/venumedicaldb/versions  
 {"config":{"rewrites":[{"glob":"**","path":"/index.html"}]},"labels":{"deployment-tool":"cli-firebase"}}
